{"/home/mcesarcz/TERRAEYE/FRONTEND/vite-test-config/src/App.tsx": {"path":"/home/mcesarcz/TERRAEYE/FRONTEND/vite-test-config/src/App.tsx","statementMap":{"0":{"start":{"line":1,"column":0},"end":{"line":1,"column":32}},"1":{"start":{"line":2,"column":0},"end":{"line":2,"column":42}},"2":{"start":{"line":3,"column":0},"end":{"line":3,"column":32}},"3":{"start":{"line":4,"column":0},"end":{"line":4,"column":18}},"4":{"start":{"line":5,"column":0},"end":{"line":5,"column":27}},"5":{"start":{"line":8,"column":28},"end":{"line":8,"column":39}},"6":{"start":{"line":10,"column":2},"end":{"line":34,"column":null}},"7":{"start":{"line":22,"column":31},"end":{"line":22,"column":61}},"8":{"start":{"line":22,"column":51},"end":{"line":22,"column":60}},"9":{"start":{"line":37,"column":0},"end":{"line":37,"column":null}}},"fnMap":{"0":{"name":"App","decl":{"start":{"line":7,"column":9},"end":{"line":7,"column":12}},"loc":{"start":{"line":7,"column":12},"end":{"line":35,"column":1}}},"1":{"name":"(anonymous_2)","decl":{"start":{"line":22,"column":25},"end":{"line":22,"column":28}},"loc":{"start":{"line":22,"column":31},"end":{"line":22,"column":61}}},"2":{"name":"(anonymous_3)","decl":{"start":{"line":22,"column":40},"end":{"line":22,"column":41}},"loc":{"start":{"line":22,"column":51},"end":{"line":22,"column":60}}}},"branchMap":{},"s":{"0":0,"1":0,"2":0,"3":0,"4":0,"5":0,"6":0,"7":0,"8":0,"9":0},"f":{"0":0,"1":0,"2":0},"b":{}}
,"/home/mcesarcz/TERRAEYE/FRONTEND/vite-test-config/src/Users.tsx": {"path":"/home/mcesarcz/TERRAEYE/FRONTEND/vite-test-config/src/Users.tsx","statementMap":{"0":{"start":{"line":1,"column":14},"end":{"line":11,"column":1}},"1":{"start":{"line":2,"column":2},"end":{"line":10,"column":4}},"2":{"start":{"line":13,"column":0},"end":{"line":13,"column":21}}},"fnMap":{"0":{"name":"(anonymous_0)","decl":{"start":{"line":1,"column":14},"end":{"line":1,"column":17}},"loc":{"start":{"line":1,"column":19},"end":{"line":11,"column":1}}}},"branchMap":{},"s":{"0":1,"1":2,"2":1},"f":{"0":2},"b":{}}
,"/home/mcesarcz/TERRAEYE/FRONTEND/vite-test-config/src/main.tsx": {"path":"/home/mcesarcz/TERRAEYE/FRONTEND/vite-test-config/src/main.tsx","statementMap":{"0":{"start":{"line":1,"column":0},"end":{"line":1,"column":34}},"1":{"start":{"line":2,"column":0},"end":{"line":2,"column":45}},"2":{"start":{"line":3,"column":0},"end":{"line":3,"column":20}},"3":{"start":{"line":4,"column":0},"end":{"line":4,"column":27}},"4":{"start":{"line":6,"column":0},"end":{"line":10,"column":null}}},"fnMap":{},"branchMap":{},"s":{"0":0,"1":0,"2":0,"3":0,"4":0},"f":{},"b":{}}
,"/home/mcesarcz/TERRAEYE/FRONTEND/vite-test-config/src/vite-env.d.ts": {"path":"/home/mcesarcz/TERRAEYE/FRONTEND/vite-test-config/src/vite-env.d.ts","statementMap":{},"fnMap":{},"branchMap":{},"s":{},"f":{},"b":{}}
}
